Vivado Simulator 2020.2
Copyright 1986-1999, 2001-2020 Xilinx, Inc. All Rights Reserved.
Running: C:/Xilinx/Vivado/2020.2/bin/unwrapped/win64.o/xelab.exe -wto ab0e248e132941eea55b0ad701559c85 --incr --debug typical --relax --mt 2 -L xil_defaultlib -L unisims_ver -L unimacro_ver -L secureip --snapshot topTB_behav xil_defaultlib.topTB xil_defaultlib.glbl -log elaborate.log 
Using 2 slave threads.
Starting static elaboration
Pass Through NonSizing Optimizer
Completed static elaboration
Starting simulation data flow analysis
Completed simulation data flow analysis
Time Resolution for simulation is 1ps
Compiling module xil_defaultlib.muxC
Compiling module xil_defaultlib.instructionMemory
Compiling module xil_defaultlib.instructionDecoder
Compiling module xil_defaultlib.constantUnit
Compiling module xil_defaultlib.registerFile
Compiling module xil_defaultlib.muxA
Compiling module xil_defaultlib.muxB
Compiling module xil_defaultlib.dataMemory
Compiling module xil_defaultlib.mfu
Compiling module xil_defaultlib.adder
Compiling module xil_defaultlib.muxD
Compiling module xil_defaultlib.top
Compiling module xil_defaultlib.topTB
Compiling module xil_defaultlib.glbl
Built simulation snapshot topTB_behav
